0 info it worked if it ends with ok
1 verbose cli [ 'D:\\Program Files\\nodejs\\node.exe',
1 verbose cli   'C:\\Users\\Georges\\AppData\\Roaming\\npm\\node_modules\\npm\\bin\\npm-cli.js',
1 verbose cli   'run',
1 verbose cli   'serve' ]
2 info using npm@3.10.9
3 info using node@v6.10.3
4 verbose run-script [ 'preserve', 'serve', 'postserve' ]
5 info lifecycle SBOKA2@1.0.0~preserve: SBOKA2@1.0.0
6 silly lifecycle SBOKA2@1.0.0~preserve: no script for preserve, continuing
7 info lifecycle SBOKA2@1.0.0~serve: SBOKA2@1.0.0
8 verbose lifecycle SBOKA2@1.0.0~serve: unsafe-perm in lifecycle true
9 verbose lifecycle SBOKA2@1.0.0~serve: PATH: C:\Users\Georges\AppData\Roaming\npm\node_modules\npm\bin\node-gyp-bin;D:\dropbox\Dropbox\SBOKA2\node_modules\.bin;C:\Users\Georges\AppData\Roaming\npm\node_modules\npm\bin\node-gyp-bin;D:\dropbox\Dropbox\SBOKA2\node_modules\.bin;C:\ProgramData\Oracle\Java\javapath;d:\Program Files\ImageMagick-6.9.0-Q16;C:\Python34\Lib\site-packages\PyQt5;C:\bin;C:\Program Files (x86)\NVIDIA Corporation\PhysX\Common;C:\Program Files (x86)\Intel\iCLS Client\;C:\Program Files\Intel\iCLS Client\;C:\WINDOWS\system32;C:\WINDOWS;C:\WINDOWS\System32\Wbem;C:\WINDOWS\System32\WindowsPowerShell\v1.0\;C:\Program Files (x86)\Windows Live\Shared;C:\Program Files\Intel\Intel(R) Management Engine Components\DAL;C:\Program Files\Intel\Intel(R) Management Engine Components\IPT;C:\Program Files (x86)\Intel\Intel(R) Management Engine Components\DAL;C:\Program Files (x86)\Intel\Intel(R) Management Engine Components\IPT;c:\python27;d:\mozart\bin;D:\emacs-24.3\bin;D:\Ruby193\bin;D:\Program Files\Calibre2\;C:\Program Files\Java\jdk1.8.0_72\bin;C:\Program Files\Microsoft SQL Server\110\Tools\Binn\;C:\Program Files (x86)\Microsoft SDKs\Windows\v8.1A\bin\NETFX 4.5.1 Tools;C:\Program Files\Microsoft SQL Server\Client SDK\ODBC\110\Tools\Binn\;C:\Program Files (x86)\Microsoft SQL Server\120\Tools\Binn\;C:\Program Files\Microsoft SQL Server\120\Tools\Binn\;C:\Program Files\Microsoft SQL Server\120\DTS\Binn\;C:\Program Files (x86)\Microsoft SQL Server\120\Tools\Binn\ManagementStudio\;C:\Program Files (x86)\Microsoft SQL Server\120\DTS\Binn\;d:\curl;D:\12 - SGBD\mongodb\bin;c:\python27\Scripts;C:\Program Files (x86)\Microsoft SDKs\TypeScript\1.0\;C:\Program Files (x86)\IronRuby 1.0v4\bin;D:\Program Files (x86)\scala\bin;d:\maven\bin;D:\xampp\php\ZendFramework\bin;%ZENLIB%;D:\xampp\php;C:\ProgramData\ComposerSetup\bin;D:\MetaMorphosis\mm4.1\bin;D:\Ruby193\devkit\bin;D:\Ruby193\devkit\mingw\bin;d:\Program Files (x86)\Git\cmd;D:\HashiCorp\Vagrant\bin;C:\Program Files (x86)\Windows Kits\10\Windows Performance Toolkit\;C:\Program Files\MIT\Kerberos\bin;D:\Program Files\nodejs\;d:\Program Files (x86)\Heroku\bin;C:\Program Files (x86)\git\cmd;C:\Program Files (x86)\Git\cmd;C:\gradle\bin;d:\Users\Georges\Anaconda;d:\Users\Georges\Anaconda\Scripts;D:\Tcl\bin;D:\Program Files (x86)\Microsoft Visual Studio 12.0\Common7\IDE\CommonExtensions\Microsoft\TeamFoundation\Team Explorer\NativeBinaries/x86;C:\bin;C:\Program Files (x86)\NVIDIA Corporation\PhysX\Common;C:\Program Files (x86)\Intel\iCLS Client\;C:\Program Files\Intel\iCLS Client\;C:\WINDOWS\system32;C:\WINDOWS;C:\WINDOWS\System32\Wbem;C:\WINDOWS\System32\WindowsPowerShell\v1.0\;C:\Program Files (x86)\Windows Live\Shared;C:\Program Files\Intel\Intel(R) Management Engine Components\DAL;C:\Program Files\Intel\Intel(R) Management Engine Components\IPT;C:\Program Files (x86)\Intel\Intel(R) Management Engine Components\DAL;C:\Program Files (x86)\Intel\Intel(R) Management Engine Components\IPT;C:\Python27;d:\mozart\bin;D:\emacs-24.3\bin;D:\Ruby193\bin;D:\Program Files\Calibre2\;D:\Program Files\nodejs\;C:\Program Files\Java\jdk1.7.0_55\bin;C:\Program Files\Microsoft SQL Server\110\Tools\Binn\;C:\Program Files (x86)\Windows Kits\8.1\Windows Performance Toolkit\;C:\Program Files (x86)\Microsoft SDKs\Windows\v8.1A\bin\NETFX 4.5.1 Tools;C:\Program Files\Microsoft SQL Server\Client SDK\ODBC\110\Tools\Binn\;C:\Program Files (x86)\Microsoft SQL Server\120\Tools\Binn\;C:\Program Files\Microsoft SQL Server\120\Tools\Binn\;C:\Program Files\Microsoft SQL Server\120\DTS\Binn\;C:\Program Files (x86)\Microsoft SQL Server\120\Tools\Binn\ManagementStudio\;C:\Program Files (x86)\Microsoft SQL Server\120\DTS\Binn\;d:\Program Files (x86)\Git\cmd;d:\curl;D:\12 - SGBD\mongodb\bin;C:\Python27\Scripts;C:\Program Files (x86)\Microsoft SDKs\TypeScript\1.0\;D:\02 - DEV\06 - VISUAL\chapter9\Ma PremiereLecture\packages\Newtonsoft.Json.6.0.3\tools;D:\02 - DEV\06 - VISUAL\testSqlite\packages\Node.js.0.10.29\tools;.bin;D:\Program Files (x86)\Google\google_appengine\;d:\Program Files\Docker Toolbox;C:\Users\Georges\AppData\Roaming\npm;%USERPROFILE%\AppData\Local\Microsoft\WindowsApps;
10 verbose lifecycle SBOKA2@1.0.0~serve: CWD: D:\dropbox\Dropbox\SBOKA2
11 silly lifecycle SBOKA2@1.0.0~serve: Args: [ '/d /s /c', 'lite-server -c=bs-config.json' ]
12 silly lifecycle SBOKA2@1.0.0~serve: Returned: code: 3  signal: null
13 info lifecycle SBOKA2@1.0.0~serve: Failed to exec serve script
14 verbose stack Error: SBOKA2@1.0.0 serve: `lite-server -c=bs-config.json`
14 verbose stack Exit status 3
14 verbose stack     at EventEmitter.<anonymous> (C:\Users\Georges\AppData\Roaming\npm\node_modules\npm\lib\utils\lifecycle.js:255:16)
14 verbose stack     at emitTwo (events.js:106:13)
14 verbose stack     at EventEmitter.emit (events.js:191:7)
14 verbose stack     at ChildProcess.<anonymous> (C:\Users\Georges\AppData\Roaming\npm\node_modules\npm\lib\utils\spawn.js:40:14)
14 verbose stack     at emitTwo (events.js:106:13)
14 verbose stack     at ChildProcess.emit (events.js:191:7)
14 verbose stack     at maybeClose (internal/child_process.js:886:16)
14 verbose stack     at Process.ChildProcess._handle.onexit (internal/child_process.js:226:5)
15 verbose pkgid SBOKA2@1.0.0
16 verbose cwd D:\dropbox\Dropbox\SBOKA2
17 error Windows_NT 10.0.14393
18 error argv "D:\\Program Files\\nodejs\\node.exe" "C:\\Users\\Georges\\AppData\\Roaming\\npm\\node_modules\\npm\\bin\\npm-cli.js" "run" "serve"
19 error node v6.10.3
20 error npm  v3.10.9
21 error code ELIFECYCLE
22 error SBOKA2@1.0.0 serve: `lite-server -c=bs-config.json`
22 error Exit status 3
23 error Failed at the SBOKA2@1.0.0 serve script 'lite-server -c=bs-config.json'.
23 error Make sure you have the latest version of node.js and npm installed.
23 error If you do, this is most likely a problem with the SBOKA2 package,
23 error not with npm itself.
23 error Tell the author that this fails on your system:
23 error     lite-server -c=bs-config.json
23 error You can get information on how to open an issue for this project with:
23 error     npm bugs SBOKA2
23 error Or if that isn't available, you can get their info via:
23 error     npm owner ls SBOKA2
23 error There is likely additional logging output above.
24 verbose exit [ 1, true ]
